{"level":"info","message":"Server is running on port 3000","service":"user-service"}
{"level":"info","message":"Server is running on port 3000","service":"user-service"}
{"level":"info","message":"Server is running on port 3000","service":"user-service"}
{"level":"info","message":"Server is running on port 3000","service":"general"}
{"level":"info","message":"Server is running on port 3000","service":"general-app"}
{"level":"info","message":"Server is running on port 3000","service":"general-app"}
{"level":"info","message":"Server is running on port 3000","service":"general-app"}
{"level":"info","message":"Server is running on port 3000","service":"general-app"}
{"level":"info","message":"Server is running on port 3000","service":"general-app"}
{"level":"info","message":"Server is running on port 3000","service":"general-app"}
{"level":"info","message":"Server is running on port 3000","service":"general-app"}
{"level":"info","message":"Server is running on port 3000","service":"general-app"}
{"level":"info","message":"Server is running on port 3000","service":"general-app"}
{"level":"info","message":"Server is running on port 3000","service":"main"}
{"level":"info","message":"Server is running on port 3000","service":"main-service"}
{"level":"info","message":"Server is running on port 3000","service":"app-service","timeStamp":1693733203121}
{"level":"info","message":"Server is running on port 3000","service":"app-service","timestamp":1693733222914}
{"level":"info","message":"Server is running on port 3000","timestamp":1693733233006}
{"level":"info","message":"Server is running on port 3000","timetimestamp":1693733294723}
{"level":"info","message":"Server is running on port 3000","timestamp":1693733308132}
{"level":"info","message":"Server is running on port 3000","timestamp":"function now() { [native code] }","unixtime":1693733322659}
{"level":"info","message":"Server is running on port 3000","timestamp":"function now() { [native code] }","unixtimestamp":1693733324336}
{"level":"info","message":"Server is running on port 3000","timestamp":"1,693,733,335,651","unixtimestamp":1693733335681}
{"level":"info","message":"Server is running on port 3000","timestamp":"1,693,733,390,378","unixtimestamp":1693733390390}
{"level":"info","message":"Server is running on port 3000","timestamp":"1,693,733,397,801","unixtimestamp":1693733397814}
{"level":"info","message":"Server is running on port 3000","timestamp":"1,693,733,401,158","unixtimestamp":1693733401174}
{"level":"info","message":"Server is running on port 3000","timestamp":"1,693,733,403,910","unixtimestamp":1693733403924}
{"level":"info","message":"Server is running on port 3000","timestamp":"9/3/2023, 6:30:19 AM","unixtimestamp":1693733419119}
{"level":"info","message":"Server is running on port 3000","timestamp":"9/6/2023, 8:11:23 PM","unixtimestamp":1694041883820}
{"level":"info","message":"Server is running on port 3000","timestamp":"9/6/2023, 9:33:34 PM","unixtimestamp":1694046814782}
{"level":"info","message":"Server is running on port 3000","timestamp":"9/6/2023, 10:01:38 PM","unixtimestamp":1694048498735}
{"level":"info","message":"Server is running on port 3000","timestamp":"9/6/2023, 10:01:46 PM","unixtimestamp":1694048506638}
{"level":"info","message":"Server is running on port 3000","timestamp":"9/6/2023, 10:02:07 PM","unixtimestamp":1694048527745}
{"level":"info","message":"Server is running on port 3000","timestamp":"9/6/2023, 10:02:14 PM","unixtimestamp":1694048534749}
{"level":"info","message":"Server is running on port 3000","timestamp":"9/6/2023, 10:02:20 PM","unixtimestamp":1694048540374}
{"level":"info","message":"Server is running on port 3000","timestamp":"9/6/2023, 10:02:32 PM","unixtimestamp":1694048552198}
{"level":"info","message":"Server is running on port 3000","timestamp":"9/6/2023, 10:02:33 PM","unixtimestamp":1694048553974}
{"level":"info","message":"Server is running on port 3000","timestamp":"9/6/2023, 10:03:10 PM","unixtimestamp":1694048590798}
{"level":"info","message":"Server is running on port 3000","timestamp":"9/6/2023, 10:03:16 PM","unixtimestamp":1694048596352}
{"level":"info","message":"Server is running on port 3000","timestamp":"9/6/2023, 10:03:22 PM","unixtimestamp":1694048603000}
{"level":"info","message":"Server is running on port 3000","timestamp":"9/6/2023, 10:03:27 PM","unixtimestamp":1694048607827}
{"level":"info","message":"Server is running on port 3000","timestamp":"9/6/2023, 10:03:32 PM","unixtimestamp":1694048612064}
{"level":"info","message":"Server is running on port 3000","timestamp":"9/6/2023, 10:04:32 PM","unixtimestamp":1694048672707}
{"level":"info","message":"Server is running on port 3000","timestamp":"9/6/2023, 10:04:41 PM","unixtimestamp":1694048681331}
{"level":"info","message":"Server is running on port 3000","timestamp":"9/6/2023, 10:04:47 PM","unixtimestamp":1694048687364}
{"level":"info","message":"Server is running on port 3000","timestamp":"9/6/2023, 10:04:53 PM","unixtimestamp":1694048693461}
{"level":"info","message":"Server is running on port 3000","timestamp":"9/6/2023, 10:04:57 PM","unixtimestamp":1694048697987}
{"level":"info","message":"Server is running on port 3000","timestamp":"9/6/2023, 10:05:01 PM","unixtimestamp":1694048701921}
{"level":"info","message":"Server is running on port 3000","timestamp":"9/6/2023, 10:05:03 PM","unixtimestamp":1694048703968}
{"level":"info","message":"Server is running on port 3000","timestamp":"9/6/2023, 10:05:07 PM","unixtimestamp":1694048707237}
{"level":"info","message":"Server is running on port 3000","timestamp":"9/6/2023, 10:05:10 PM","unixtimestamp":1694048710745}
{"level":"info","message":"Server is running on port 3000","timestamp":"9/6/2023, 10:05:16 PM","unixtimestamp":1694048716282}
{"level":"info","message":"Server is running on port 3000","timestamp":"9/6/2023, 10:06:36 PM","unixtimestamp":1694048796641}
{"level":"info","message":"Server is running on port 3000","timestamp":"9/6/2023, 10:06:39 PM","unixtimestamp":1694048799093}
{"level":"info","message":"Server is running on port 3000","timestamp":"9/6/2023, 10:06:43 PM","unixtimestamp":1694048803867}
{"level":"info","message":"Server is running on port 3000","timestamp":"9/6/2023, 10:06:57 PM","unixtimestamp":1694048817826}
{"level":"info","message":"Server is running on port 3000","timestamp":"9/6/2023, 10:08:39 PM","unixtimestamp":1694048919081}
{"level":"info","message":"Server is running on port 3000","timestamp":"9/6/2023, 10:09:22 PM","unixtimestamp":1694048962180}
{"level":"info","message":"Server is running on port 3000","timestamp":"9/6/2023, 10:12:00 PM","unixtimestamp":1694049120784}
{"level":"info","message":"Server is running on port 3000","timestamp":"9/6/2023, 10:44:17 PM","unixtimestamp":1694051057429}
{"level":"info","message":"Server is running on port 3000","timestamp":"9/6/2023, 10:44:23 PM","unixtimestamp":1694051063828}
{"level":"info","message":"Server is running on port 3000","timestamp":"9/6/2023, 10:55:28 PM","unixtimestamp":1694051728750}
{"level":"info","message":"Server is running on port 3000","timestamp":"9/6/2023, 10:55:30 PM","unixtimestamp":1694051730877}
{"level":"info","message":"Server is running on port 3000","timestamp":"9/6/2023, 10:57:30 PM","unixtimestamp":1694051850761}
{"level":"info","message":"Server is running on port 3000","timestamp":"9/6/2023, 10:57:37 PM","unixtimestamp":1694051857407}
{"level":"info","message":"Server is running on port 3000","timestamp":"9/6/2023, 10:59:53 PM","unixtimestamp":1694051993975}
{"level":"info","message":"Server is running on port 3000","timestamp":"9/6/2023, 11:00:07 PM","unixtimestamp":1694052007347}
{"level":"info","message":"Server is running on port 3000","timestamp":"9/6/2023, 11:01:01 PM","unixtimestamp":1694052061607}
{"level":"info","message":"Server is running on port 3000","timestamp":"9/6/2023, 11:01:41 PM","unixtimestamp":1694052101390}
{"level":"info","message":"Server is running on port 3000","timestamp":"9/6/2023, 11:01:47 PM","unixtimestamp":1694052107686}
{"level":"info","message":"Server is running on port 3000","timestamp":"9/6/2023, 11:03:05 PM","unixtimestamp":1694052185694}
{"level":"info","message":"Server is running on port 3000","timestamp":"9/6/2023, 11:03:23 PM","unixtimestamp":1694052203587}
{"level":"info","message":"Server is running on port 3000","timestamp":"9/6/2023, 11:03:36 PM","unixtimestamp":1694052216264}
{"level":"info","message":"Server is running on port 3000","timestamp":"9/6/2023, 11:04:10 PM","unixtimestamp":1694052250641}
{"level":"info","message":"Server is running on port 3000","timestamp":"9/6/2023, 11:05:14 PM","unixtimestamp":1694052314151}
{"level":"info","message":"Server is running on port 3000","timestamp":"9/6/2023, 11:23:52 PM","unixtimestamp":1694053432605}
{"level":"info","message":"Server is running on port 3000","timestamp":"9/7/2023, 2:32:24 AM","unixtimestamp":1694064744092}
{"level":"info","message":"Server is running on port 3000","timestamp":"9/7/2023, 2:32:25 AM","unixtimestamp":1694064745066}
{"level":"info","message":"Server is running on port 3000","timestamp":"9/7/2023, 2:32:28 AM","unixtimestamp":1694064748527}
{"level":"info","message":"Server is running on port 3000","timestamp":"9/7/2023, 2:32:46 AM","unixtimestamp":1694064766455}
{"level":"info","message":"Server is running on port 3000","timestamp":"9/7/2023, 2:33:21 AM","unixtimestamp":1694064801811}
{"level":"info","message":"Server is running on port 3000","timestamp":"9/7/2023, 2:39:36 AM","unixtimestamp":1694065176206}
{"level":"info","message":"Server is running on port 3000","timestamp":"9/7/2023, 2:39:37 AM","unixtimestamp":1694065177449}
{"level":"info","message":"Server is running on port 3000","timestamp":"9/7/2023, 2:51:18 AM","unixtimestamp":1694065878887}
{"level":"info","message":"Server is running on port 3000","timestamp":"9/7/2023, 2:51:20 AM","unixtimestamp":1694065880233}
{"level":"info","message":"Server is running on port 3000","timestamp":"9/7/2023, 2:51:26 AM","unixtimestamp":1694065886353}
{"level":"info","message":"Server is running on port 3000","timestamp":"9/7/2023, 3:10:54 AM","unixtimestamp":1694067054274}
{"level":"info","message":"Server is running on port 3000","timestamp":"9/7/2023, 3:10:57 AM","unixtimestamp":1694067057566}
{"level":"info","message":"Server is running on port 3000","timestamp":"9/7/2023, 3:16:00 AM","unixtimestamp":1694067360688}
{"level":"info","message":"Server is running on port 3000","timestamp":"9/7/2023, 3:16:57 AM","unixtimestamp":1694067417258}
{"level":"info","message":"Server is running on port 3000","timestamp":"9/7/2023, 3:17:04 AM","unixtimestamp":1694067424400}
{"level":"info","message":"Server is running on port 3000","timestamp":"9/7/2023, 3:17:07 AM","unixtimestamp":1694067427107}
{"level":"info","message":"Server is running on port 3000","timestamp":"9/7/2023, 3:17:08 AM","unixtimestamp":1694067428462}
{"level":"info","message":"Server is running on port 3000","timestamp":"9/7/2023, 3:17:09 AM","unixtimestamp":1694067429521}
{"level":"info","message":"Server is running on port 3000","timestamp":"9/7/2023, 3:17:11 AM","unixtimestamp":1694067431159}
{"level":"info","message":"Server is running on port 3000","timestamp":"9/7/2023, 3:17:12 AM","unixtimestamp":1694067432858}
{"level":"info","message":"Server is running on port 3000","timestamp":"9/7/2023, 3:17:16 AM","unixtimestamp":1694067436327}
{"level":"info","message":"Server is running on port 3000","timestamp":"9/7/2023, 3:17:19 AM","unixtimestamp":1694067439833}
{"level":"info","message":"Server is running on port 3000","timestamp":"9/7/2023, 3:17:26 AM","unixtimestamp":1694067446965}
{"level":"info","message":"Server is running on port 3000","timestamp":"9/7/2023, 3:21:32 AM","unixtimestamp":1694067692214}
{"level":"info","message":"Server is running on port 3000","timestamp":"9/7/2023, 3:21:36 AM","unixtimestamp":1694067696060}
{"level":"info","message":"Server is running on port 3000","timestamp":"9/7/2023, 3:21:40 AM","unixtimestamp":1694067700753}
{"level":"info","message":"Server is running on port 3000","timestamp":"9/7/2023, 3:22:25 AM","unixtimestamp":1694067745230}
{"level":"info","message":"Server is running on port 3000","timestamp":"9/7/2023, 3:22:52 AM","unixtimestamp":1694067772376}
{"level":"info","message":"Server is running on port 3000","timestamp":"9/7/2023, 3:24:27 AM","unixtimestamp":1694067867823}
{"level":"info","message":"Server is running on port 3000","timestamp":"9/7/2023, 3:26:20 AM","unixtimestamp":1694067980185}
{"level":"info","message":"Server is running on port 3000","timestamp":"9/7/2023, 3:26:21 AM","unixtimestamp":1694067981771}
{"level":"info","message":"Server is running on port 3000","timestamp":"9/7/2023, 3:26:34 AM","unixtimestamp":1694067994444}
{"level":"info","message":"Server is running on port 3000","timestamp":"9/7/2023, 3:27:00 AM","unixtimestamp":1694068020054}
{"level":"info","message":"Server is running on port 3000","timestamp":"9/7/2023, 3:27:11 AM","unixtimestamp":1694068031567}
{"level":"info","message":"Server is running on port 3000","timestamp":"9/7/2023, 3:27:13 AM","unixtimestamp":1694068033429}
{"level":"info","message":"Server is running on port 3000","timestamp":"9/7/2023, 3:27:16 AM","unixtimestamp":1694068036245}
{"level":"info","message":"Server is running on port 3000","timestamp":"9/7/2023, 3:27:19 AM","unixtimestamp":1694068039706}
{"level":"info","message":"Server is running on port 3000","timestamp":"9/7/2023, 3:27:24 AM","unixtimestamp":1694068044224}
{"level":"info","message":"Server is running on port 3000","timestamp":"9/7/2023, 3:28:48 AM","unixtimestamp":1694068128631}
{"level":"info","message":"Server is running on port 3000","timestamp":"9/7/2023, 3:28:58 AM","unixtimestamp":1694068138342}
{"level":"info","message":"Server is running on port 3000","timestamp":"9/7/2023, 3:28:59 AM","unixtimestamp":1694068139727}
{"level":"info","message":"Server is running on port 3000","timestamp":"9/7/2023, 3:29:03 AM","unixtimestamp":1694068143333}
{"level":"info","message":"Server is running on port 3000","timestamp":"9/7/2023, 3:29:55 AM","unixtimestamp":1694068195951}
{"level":"info","message":"Server is running on port 3000","timestamp":"9/7/2023, 3:31:44 AM","unixtimestamp":1694068304674}
{"level":"info","message":"Server is running on port 3000","timestamp":"9/7/2023, 3:31:46 AM","unixtimestamp":1694068306243}
{"level":"info","message":"Server is running on port 3000","timestamp":"9/7/2023, 3:31:47 AM","unixtimestamp":1694068307793}
{"level":"info","message":"Server is running on port 3000","timestamp":"9/7/2023, 3:32:06 AM","unixtimestamp":1694068326102}
{"level":"info","message":"Server is running on port 3000","timestamp":"9/7/2023, 3:32:07 AM","unixtimestamp":1694068327802}
{"level":"info","message":"Server is running on port 3000","timestamp":"9/7/2023, 3:32:58 AM","unixtimestamp":1694068378938}
{"level":"info","message":"Server is running on port 3000","timestamp":"9/7/2023, 3:33:20 AM","unixtimestamp":1694068400878}
{"level":"info","message":"Server is running on port 3000","timestamp":"9/7/2023, 3:34:58 AM","unixtimestamp":1694068498727}
{"level":"info","message":"Server is running on port 3000","timestamp":"9/7/2023, 3:35:32 AM","unixtimestamp":1694068532784}
{"level":"info","message":"Server is running on port 3000","timestamp":"9/7/2023, 3:36:12 AM","unixtimestamp":1694068572986}
{"level":"info","message":"Server is running on port 3000","timestamp":"9/7/2023, 3:36:59 AM","unixtimestamp":1694068619113}
{"level":"info","message":"Server is running on port 3000","timestamp":"9/7/2023, 3:39:47 AM","unixtimestamp":1694068787952}
{"level":"info","message":"Server is running on port 3000","timestamp":"9/7/2023, 3:40:03 AM","unixtimestamp":1694068803469}
{"level":"info","message":"Server is running on port 3000","timestamp":"9/7/2023, 3:40:30 AM","unixtimestamp":1694068830583}
{"level":"info","message":"Server is running on port 3000","timestamp":"9/7/2023, 3:40:33 AM","unixtimestamp":1694068833184}
{"level":"info","message":"Server is running on port 3000","timestamp":"9/7/2023, 3:40:34 AM","unixtimestamp":1694068834682}
{"level":"info","message":"Server is running on port 3000","timestamp":"9/7/2023, 3:41:12 AM","unixtimestamp":1694068872665}
{"level":"info","message":"Server is running on port 3000","timestamp":"9/7/2023, 3:41:13 AM","unixtimestamp":1694068873976}
{"level":"info","message":"Server is running on port 3000","timestamp":"9/7/2023, 4:02:25 AM","unixtimestamp":1694070145453}
{"level":"info","message":"Server is running on port 3000","timestamp":"9/7/2023, 4:02:26 AM","unixtimestamp":1694070146833}
{"level":"info","message":"Server is running on port 3000","timestamp":"9/7/2023, 4:02:44 AM","unixtimestamp":1694070164446}
{"level":"info","message":"Server is running on port 3000","timestamp":"9/7/2023, 4:02:56 AM","unixtimestamp":1694070176146}
{"level":"info","message":"Server is running on port 3000","timestamp":"9/7/2023, 4:02:59 AM","unixtimestamp":1694070179365}
{"level":"info","message":"Server is running on port 3000","timestamp":"9/7/2023, 4:03:05 AM","unixtimestamp":1694070185171}
